<?xml version="1.0" encoding="UTF-8"?>
<coverage generated="1759086513645" clover="3.2.0">
  <project timestamp="1759086513645" name="All files">
    <metrics statements="31" coveredstatements="31" conditionals="6" coveredconditionals="6" methods="9" coveredmethods="9" elements="46" coveredelements="46" complexity="0" loc="31" ncloc="31" packages="1" files="1" classes="1"/>
    <file name="server.js" path="/home/franciscoeudo/Documentos/ADS/projeto integrado/PI3-Front-End_Web_Sistema_de_Estoque/api-cliente/server.js">
      <metrics statements="31" coveredstatements="31" conditionals="6" coveredconditionals="6" methods="9" coveredmethods="9"/>
      <line num="1" count="1" type="stmt"/>
      <line num="2" count="1" type="stmt"/>
      <line num="3" count="1" type="stmt"/>
      <line num="4" count="1" type="stmt"/>
      <line num="6" count="1" type="stmt"/>
      <line num="7" count="1" type="stmt"/>
      <line num="12" count="1" type="stmt"/>
      <line num="40" count="1" type="stmt"/>
      <line num="43" count="1" type="stmt"/>
      <line num="44" count="1" type="stmt"/>
      <line num="48" count="1" type="stmt"/>
      <line num="49" count="3" type="stmt"/>
      <line num="50" count="2" type="cond" truecount="2" falsecount="0"/>
      <line num="51" count="1" type="stmt"/>
      <line num="55" count="1" type="stmt"/>
      <line num="56" count="1" type="stmt"/>
      <line num="57" count="1" type="stmt"/>
      <line num="58" count="1" type="stmt"/>
      <line num="62" count="1" type="stmt"/>
      <line num="63" count="4" type="stmt"/>
      <line num="64" count="2" type="cond" truecount="2" falsecount="0"/>
      <line num="65" count="1" type="stmt"/>
      <line num="66" count="1" type="stmt"/>
      <line num="70" count="1" type="stmt"/>
      <line num="71" count="4" type="stmt"/>
      <line num="72" count="2" type="cond" truecount="2" falsecount="0"/>
      <line num="74" count="1" type="stmt"/>
      <line num="75" count="1" type="stmt"/>
      <line num="79" count="1" type="stmt"/>
      <line num="80" count="1" type="stmt"/>
      <line num="83" count="1" type="stmt"/>
    </file>
  </project>
</coverage>
