{"/home/franciscoeudo/Documentos/ADS/projeto integrado/PI3-Front-End_Web_Sistema_de_Estoque/api-cliente/server.js": {"path":"/home/franciscoeudo/Documentos/ADS/projeto integrado/PI3-Front-End_Web_Sistema_de_Estoque/api-cliente/server.js","statementMap":{"0":{"start":{"line":1,"column":16},"end":{"line":1,"column":34}},"1":{"start":{"line":2,"column":13},"end":{"line":2,"column":28}},"2":{"start":{"line":3,"column":12},"end":{"line":3,"column":21}},"3":{"start":{"line":4,"column":13},"end":{"line":4,"column":17}},"4":{"start":{"line":6,"column":0},"end":{"line":6,"column":16}},"5":{"start":{"line":7,"column":0},"end":{"line":7,"column":24}},"6":{"start":{"line":12,"column":15},"end":{"line":38,"column":1}},"7":{"start":{"line":40,"column":12},"end":{"line":40,"column":13}},"8":{"start":{"line":43,"column":0},"end":{"line":45,"column":3}},"9":{"start":{"line":44,"column":2},"end":{"line":44,"column":21}},"10":{"start":{"line":48,"column":0},"end":{"line":52,"column":3}},"11":{"start":{"line":49,"column":15},"end":{"line":49,"column":67}},"12":{"start":{"line":49,"column":34},"end":{"line":49,"column":66}},"13":{"start":{"line":50,"column":2},"end":{"line":50,"column":68}},"14":{"start":{"line":50,"column":13},"end":{"line":50,"column":68}},"15":{"start":{"line":51,"column":2},"end":{"line":51,"column":17}},"16":{"start":{"line":55,"column":0},"end":{"line":59,"column":3}},"17":{"start":{"line":56,"column":15},"end":{"line":56,"column":43}},"18":{"start":{"line":57,"column":2},"end":{"line":57,"column":22}},"19":{"start":{"line":58,"column":2},"end":{"line":58,"column":29}},"20":{"start":{"line":62,"column":0},"end":{"line":67,"column":3}},"21":{"start":{"line":63,"column":16},"end":{"line":63,"column":73}},"22":{"start":{"line":63,"column":40},"end":{"line":63,"column":72}},"23":{"start":{"line":64,"column":2},"end":{"line":64,"column":75}},"24":{"start":{"line":64,"column":20},"end":{"line":64,"column":75}},"25":{"start":{"line":65,"column":2},"end":{"line":65,"column":65}},"26":{"start":{"line":66,"column":2},"end":{"line":66,"column":28}},"27":{"start":{"line":70,"column":0},"end":{"line":76,"column":3}},"28":{"start":{"line":71,"column":16},"end":{"line":71,"column":73}},"29":{"start":{"line":71,"column":40},"end":{"line":71,"column":72}},"30":{"start":{"line":72,"column":2},"end":{"line":72,"column":75}},"31":{"start":{"line":72,"column":20},"end":{"line":72,"column":75}},"32":{"start":{"line":74,"column":2},"end":{"line":74,"column":28}},"33":{"start":{"line":75,"column":2},"end":{"line":75,"column":44}},"34":{"start":{"line":79,"column":0},"end":{"line":81,"column":3}},"35":{"start":{"line":80,"column":2},"end":{"line":80,"column":62}},"36":{"start":{"line":83,"column":0},"end":{"line":83,"column":21}}},"fnMap":{"0":{"name":"(anonymous_0)","decl":{"start":{"line":43,"column":21},"end":{"line":43,"column":22}},"loc":{"start":{"line":43,"column":35},"end":{"line":45,"column":1}},"line":43},"1":{"name":"(anonymous_1)","decl":{"start":{"line":48,"column":25},"end":{"line":48,"column":26}},"loc":{"start":{"line":48,"column":39},"end":{"line":52,"column":1}},"line":48},"2":{"name":"(anonymous_2)","decl":{"start":{"line":49,"column":29},"end":{"line":49,"column":30}},"loc":{"start":{"line":49,"column":34},"end":{"line":49,"column":66}},"line":49},"3":{"name":"(anonymous_3)","decl":{"start":{"line":55,"column":22},"end":{"line":55,"column":23}},"loc":{"start":{"line":55,"column":36},"end":{"line":59,"column":1}},"line":55},"4":{"name":"(anonymous_4)","decl":{"start":{"line":62,"column":25},"end":{"line":62,"column":26}},"loc":{"start":{"line":62,"column":39},"end":{"line":67,"column":1}},"line":62},"5":{"name":"(anonymous_5)","decl":{"start":{"line":63,"column":35},"end":{"line":63,"column":36}},"loc":{"start":{"line":63,"column":40},"end":{"line":63,"column":72}},"line":63},"6":{"name":"(anonymous_6)","decl":{"start":{"line":70,"column":28},"end":{"line":70,"column":29}},"loc":{"start":{"line":70,"column":42},"end":{"line":76,"column":1}},"line":70},"7":{"name":"(anonymous_7)","decl":{"start":{"line":71,"column":35},"end":{"line":71,"column":36}},"loc":{"start":{"line":71,"column":40},"end":{"line":71,"column":72}},"line":71},"8":{"name":"(anonymous_8)","decl":{"start":{"line":79,"column":17},"end":{"line":79,"column":18}},"loc":{"start":{"line":79,"column":23},"end":{"line":81,"column":1}},"line":79}},"branchMap":{"0":{"loc":{"start":{"line":50,"column":2},"end":{"line":50,"column":68}},"type":"if","locations":[{"start":{"line":50,"column":2},"end":{"line":50,"column":68}},{"start":{},"end":{}}],"line":50},"1":{"loc":{"start":{"line":64,"column":2},"end":{"line":64,"column":75}},"type":"if","locations":[{"start":{"line":64,"column":2},"end":{"line":64,"column":75}},{"start":{},"end":{}}],"line":64},"2":{"loc":{"start":{"line":72,"column":2},"end":{"line":72,"column":75}},"type":"if","locations":[{"start":{"line":72,"column":2},"end":{"line":72,"column":75}},{"start":{},"end":{}}],"line":72}},"s":{"0":1,"1":1,"2":1,"3":1,"4":1,"5":1,"6":1,"7":1,"8":1,"9":1,"10":1,"11":2,"12":3,"13":2,"14":1,"15":1,"16":1,"17":1,"18":1,"19":1,"20":1,"21":2,"22":4,"23":2,"24":1,"25":1,"26":1,"27":1,"28":2,"29":4,"30":2,"31":1,"32":1,"33":1,"34":1,"35":1,"36":1},"f":{"0":1,"1":2,"2":3,"3":1,"4":2,"5":4,"6":2,"7":4,"8":1},"b":{"0":[1,1],"1":[1,1],"2":[1,1]},"_coverageSchema":"1a1c01bbd47fc00a2c39e90264f33305004495a9","hash":"39921b945ef3263739e44dd1a686707f77bdc490"}
}
