TN:
SF:api-cliente/server.js
FN:43,(anonymous_0)
FN:48,(anonymous_1)
FN:49,(anonymous_2)
FN:55,(anonymous_3)
FN:62,(anonymous_4)
FN:63,(anonymous_5)
FN:70,(anonymous_6)
FN:71,(anonymous_7)
FN:79,(anonymous_8)
FNF:9
FNH:9
FNDA:1,(anonymous_0)
FNDA:2,(anonymous_1)
FNDA:3,(anonymous_2)
FNDA:1,(anonymous_3)
FNDA:2,(anonymous_4)
FNDA:4,(anonymous_5)
FNDA:2,(anonymous_6)
FNDA:4,(anonymous_7)
FNDA:1,(anonymous_8)
DA:1,1
DA:2,1
DA:3,1
DA:4,1
DA:6,1
DA:7,1
DA:12,1
DA:40,1
DA:43,1
DA:44,1
DA:48,1
DA:49,3
DA:50,2
DA:51,1
DA:55,1
DA:56,1
DA:57,1
DA:58,1
DA:62,1
DA:63,4
DA:64,2
DA:65,1
DA:66,1
DA:70,1
DA:71,4
DA:72,2
DA:74,1
DA:75,1
DA:79,1
DA:80,1
DA:83,1
LF:31
LH:31
BRDA:50,0,0,1
BRDA:50,0,1,1
BRDA:64,1,0,1
BRDA:64,1,1,1
BRDA:72,2,0,1
BRDA:72,2,1,1
BRF:6
BRH:6
end_of_record
